{"uuid": "b9de36cb-4f80-4208-ab20-cbb01f2119f8", "children": ["434f30a5-1026-4ef0-83ed-f999e590f48e"], "befores": [{"name": "create_burger_with_history_number", "status": "broken", "statusDetails": {"message": "selenium.common.exceptions.ElementClickInterceptedException: Message: element click intercepted: Element <a class=\"AppHeader_header__link__3D_hX\" href=\"/\">...</a> is not clickable at point (88, 44). Other element would receive the click: <div class=\"Modal_modal_overlay__x2ZCr\"></div>\n  (Session info: chrome=129.0.6668.100)\nStacktrace:\n\tGetHandleVerifier [0x00007FF68C05B095+29557]\n\t(No symbol) [0x00007FF68BFCFA50]\n\t(No symbol) [0x00007FF68BE8B56A]\n\t(No symbol) [0x00007FF68BEE737E]\n\t(No symbol) [0x00007FF68BEE4DCC]\n\t(No symbol) [0x00007FF68BEE2288]\n\t(No symbol) [0x00007FF68BEE149A]\n\t(No symbol) [0x00007FF68BED354E]\n\t(No symbol) [0x00007FF68BF0718A]\n\t(No symbol) [0x00007FF68BED2E86]\n\t(No symbol) [0x00007FF68BF073A0]\n\t(No symbol) [0x00007FF68BF2851C]\n\t(No symbol) [0x00007FF68BF06F33]\n\t(No symbol) [0x00007FF68BED116F]\n\t(No symbol) [0x00007FF68BED22D1]\n\tGetHandleVerifier [0x00007FF68C38C96D+3378253]\n\tGetHandleVerifier [0x00007FF68C3D8497+3688311]\n\tGetHandleVerifier [0x00007FF68C3CD1CB+3642539]\n\tGetHandleVerifier [0x00007FF68C11A6B6+813462]\n\t(No symbol) [0x00007FF68BFDAB5F]\n\t(No symbol) [0x00007FF68BFD6B74]\n\t(No symbol) [0x00007FF68BFD6D10]\n\t(No symbol) [0x00007FF68BFC5C1F]\n\tBaseThreadInitThunk [0x00007FFF11DB7614+20]\n\tRtlUserThreadStart [0x00007FFF121C26B1+33]\n\n", "trace": "  File \"C:\\Users\\Роман\\AppData\\Local\\Programs\\Python\\Python312\\Lib\\site-packages\\pluggy\\_callers.py\", line 167, in _multicall\n    teardown.throw(outcome._exception)\n  File \"C:\\Users\\Роман\\AppData\\Local\\Programs\\Python\\Python312\\Lib\\site-packages\\_pytest\\setuponly.py\", line 36, in pytest_fixture_setup\n    return (yield)\n            ^^^^^\n  File \"C:\\Users\\Роман\\AppData\\Local\\Programs\\Python\\Python312\\Lib\\site-packages\\pluggy\\_callers.py\", line 103, in _multicall\n    res = hook_impl.function(*args)\n          ^^^^^^^^^^^^^^^^^^^^^^^^^\n  File \"C:\\Users\\Роман\\AppData\\Local\\Programs\\Python\\Python312\\Lib\\site-packages\\_pytest\\fixtures.py\", line 1140, in pytest_fixture_setup\n    result = call_fixture_func(fixturefunc, request, kwargs)\n             ^^^^^^^^^^^^^^^^^^^^^^^^^^^^^^^^^^^^^^^^^^^^^^^\n  File \"C:\\Users\\Роман\\AppData\\Local\\Programs\\Python\\Python312\\Lib\\site-packages\\_pytest\\fixtures.py\", line 891, in call_fixture_func\n    fixture_result = next(generator)\n                     ^^^^^^^^^^^^^^^\n  File \"C:\\Diplom_Roman_Makarcov_9\\Diplom_3\\conftest.py\", line 52, in create_burger_with_history_number\n    main_page.create_burger_order()\n  File \"C:\\Users\\Роман\\AppData\\Local\\Programs\\Python\\Python312\\Lib\\site-packages\\allure_commons\\_allure.py\", line 192, in impl\n    return func(*a, **kw)\n           ^^^^^^^^^^^^^^\n  File \"C:\\Diplom_Roman_Makarcov_9\\Diplom_3\\pages\\main_page.py\", line 52, in create_burger_order\n    self.open_constructor()\n  File \"C:\\Users\\Роман\\AppData\\Local\\Programs\\Python\\Python312\\Lib\\site-packages\\allure_commons\\_allure.py\", line 192, in impl\n    return func(*a, **kw)\n           ^^^^^^^^^^^^^^\n  File \"C:\\Diplom_Roman_Makarcov_9\\Diplom_3\\pages\\main_page.py\", line 18, in open_constructor\n    self.click_element(MainPageLocators.CONSTRUCTOR_BUTTON)\n  File \"C:\\Users\\Роман\\AppData\\Local\\Programs\\Python\\Python312\\Lib\\site-packages\\allure_commons\\_allure.py\", line 192, in impl\n    return func(*a, **kw)\n           ^^^^^^^^^^^^^^\n  File \"C:\\Diplom_Roman_Makarcov_9\\Diplom_3\\pages\\base_page.py\", line 32, in click_element\n    return element.click()\n           ^^^^^^^^^^^^^^^\n  File \"C:\\Users\\Роман\\AppData\\Local\\Programs\\Python\\Python312\\Lib\\site-packages\\selenium\\webdriver\\remote\\webelement.py\", line 94, in click\n    self._execute(Command.CLICK_ELEMENT)\n  File \"C:\\Users\\Роман\\AppData\\Local\\Programs\\Python\\Python312\\Lib\\site-packages\\selenium\\webdriver\\remote\\webelement.py\", line 395, in _execute\n    return self._parent.execute(command, params)\n           ^^^^^^^^^^^^^^^^^^^^^^^^^^^^^^^^^^^^^\n  File \"C:\\Users\\Роман\\AppData\\Local\\Programs\\Python\\Python312\\Lib\\site-packages\\selenium\\webdriver\\remote\\webdriver.py\", line 354, in execute\n    self.error_handler.check_response(response)\n  File \"C:\\Users\\Роман\\AppData\\Local\\Programs\\Python\\Python312\\Lib\\site-packages\\selenium\\webdriver\\remote\\errorhandler.py\", line 229, in check_response\n    raise exception_class(message, screen, stacktrace)\n"}, "steps": [{"name": "Сделать заказ бургера", "status": "broken", "statusDetails": {"message": "selenium.common.exceptions.ElementClickInterceptedException: Message: element click intercepted: Element <a class=\"AppHeader_header__link__3D_hX\" href=\"/\">...</a> is not clickable at point (88, 44). Other element would receive the click: <div class=\"Modal_modal_overlay__x2ZCr\"></div>\n  (Session info: chrome=129.0.6668.100)\nStacktrace:\n\tGetHandleVerifier [0x00007FF68C05B095+29557]\n\t(No symbol) [0x00007FF68BFCFA50]\n\t(No symbol) [0x00007FF68BE8B56A]\n\t(No symbol) [0x00007FF68BEE737E]\n\t(No symbol) [0x00007FF68BEE4DCC]\n\t(No symbol) [0x00007FF68BEE2288]\n\t(No symbol) [0x00007FF68BEE149A]\n\t(No symbol) [0x00007FF68BED354E]\n\t(No symbol) [0x00007FF68BF0718A]\n\t(No symbol) [0x00007FF68BED2E86]\n\t(No symbol) [0x00007FF68BF073A0]\n\t(No symbol) [0x00007FF68BF2851C]\n\t(No symbol) [0x00007FF68BF06F33]\n\t(No symbol) [0x00007FF68BED116F]\n\t(No symbol) [0x00007FF68BED22D1]\n\tGetHandleVerifier [0x00007FF68C38C96D+3378253]\n\tGetHandleVerifier [0x00007FF68C3D8497+3688311]\n\tGetHandleVerifier [0x00007FF68C3CD1CB+3642539]\n\tGetHandleVerifier [0x00007FF68C11A6B6+813462]\n\t(No symbol) [0x00007FF68BFDAB5F]\n\t(No symbol) [0x00007FF68BFD6B74]\n\t(No symbol) [0x00007FF68BFD6D10]\n\t(No symbol) [0x00007FF68BFC5C1F]\n\tBaseThreadInitThunk [0x00007FFF11DB7614+20]\n\tRtlUserThreadStart [0x00007FFF121C26B1+33]\n\n", "trace": "  File \"C:\\Users\\Роман\\AppData\\Local\\Programs\\Python\\Python312\\Lib\\site-packages\\allure_commons\\_allure.py\", line 192, in impl\n    return func(*a, **kw)\n           ^^^^^^^^^^^^^^\n  File \"C:\\Diplom_Roman_Makarcov_9\\Diplom_3\\pages\\main_page.py\", line 52, in create_burger_order\n    self.open_constructor()\n  File \"C:\\Users\\Роман\\AppData\\Local\\Programs\\Python\\Python312\\Lib\\site-packages\\allure_commons\\_allure.py\", line 192, in impl\n    return func(*a, **kw)\n           ^^^^^^^^^^^^^^\n  File \"C:\\Diplom_Roman_Makarcov_9\\Diplom_3\\pages\\main_page.py\", line 18, in open_constructor\n    self.click_element(MainPageLocators.CONSTRUCTOR_BUTTON)\n  File \"C:\\Users\\Роман\\AppData\\Local\\Programs\\Python\\Python312\\Lib\\site-packages\\allure_commons\\_allure.py\", line 192, in impl\n    return func(*a, **kw)\n           ^^^^^^^^^^^^^^\n  File \"C:\\Diplom_Roman_Makarcov_9\\Diplom_3\\pages\\base_page.py\", line 32, in click_element\n    return element.click()\n           ^^^^^^^^^^^^^^^\n  File \"C:\\Users\\Роман\\AppData\\Local\\Programs\\Python\\Python312\\Lib\\site-packages\\selenium\\webdriver\\remote\\webelement.py\", line 94, in click\n    self._execute(Command.CLICK_ELEMENT)\n  File \"C:\\Users\\Роман\\AppData\\Local\\Programs\\Python\\Python312\\Lib\\site-packages\\selenium\\webdriver\\remote\\webelement.py\", line 395, in _execute\n    return self._parent.execute(command, params)\n           ^^^^^^^^^^^^^^^^^^^^^^^^^^^^^^^^^^^^^\n  File \"C:\\Users\\Роман\\AppData\\Local\\Programs\\Python\\Python312\\Lib\\site-packages\\selenium\\webdriver\\remote\\webdriver.py\", line 354, in execute\n    self.error_handler.check_response(response)\n  File \"C:\\Users\\Роман\\AppData\\Local\\Programs\\Python\\Python312\\Lib\\site-packages\\selenium\\webdriver\\remote\\errorhandler.py\", line 229, in check_response\n    raise exception_class(message, screen, stacktrace)\n"}, "steps": [{"name": "Клик на Конструктор", "status": "broken", "statusDetails": {"message": "selenium.common.exceptions.ElementClickInterceptedException: Message: element click intercepted: Element <a class=\"AppHeader_header__link__3D_hX\" href=\"/\">...</a> is not clickable at point (88, 44). Other element would receive the click: <div class=\"Modal_modal_overlay__x2ZCr\"></div>\n  (Session info: chrome=129.0.6668.100)\nStacktrace:\n\tGetHandleVerifier [0x00007FF68C05B095+29557]\n\t(No symbol) [0x00007FF68BFCFA50]\n\t(No symbol) [0x00007FF68BE8B56A]\n\t(No symbol) [0x00007FF68BEE737E]\n\t(No symbol) [0x00007FF68BEE4DCC]\n\t(No symbol) [0x00007FF68BEE2288]\n\t(No symbol) [0x00007FF68BEE149A]\n\t(No symbol) [0x00007FF68BED354E]\n\t(No symbol) [0x00007FF68BF0718A]\n\t(No symbol) [0x00007FF68BED2E86]\n\t(No symbol) [0x00007FF68BF073A0]\n\t(No symbol) [0x00007FF68BF2851C]\n\t(No symbol) [0x00007FF68BF06F33]\n\t(No symbol) [0x00007FF68BED116F]\n\t(No symbol) [0x00007FF68BED22D1]\n\tGetHandleVerifier [0x00007FF68C38C96D+3378253]\n\tGetHandleVerifier [0x00007FF68C3D8497+3688311]\n\tGetHandleVerifier [0x00007FF68C3CD1CB+3642539]\n\tGetHandleVerifier [0x00007FF68C11A6B6+813462]\n\t(No symbol) [0x00007FF68BFDAB5F]\n\t(No symbol) [0x00007FF68BFD6B74]\n\t(No symbol) [0x00007FF68BFD6D10]\n\t(No symbol) [0x00007FF68BFC5C1F]\n\tBaseThreadInitThunk [0x00007FFF11DB7614+20]\n\tRtlUserThreadStart [0x00007FFF121C26B1+33]\n\n", "trace": "  File \"C:\\Users\\Роман\\AppData\\Local\\Programs\\Python\\Python312\\Lib\\site-packages\\allure_commons\\_allure.py\", line 192, in impl\n    return func(*a, **kw)\n           ^^^^^^^^^^^^^^\n  File \"C:\\Diplom_Roman_Makarcov_9\\Diplom_3\\pages\\main_page.py\", line 18, in open_constructor\n    self.click_element(MainPageLocators.CONSTRUCTOR_BUTTON)\n  File \"C:\\Users\\Роман\\AppData\\Local\\Programs\\Python\\Python312\\Lib\\site-packages\\allure_commons\\_allure.py\", line 192, in impl\n    return func(*a, **kw)\n           ^^^^^^^^^^^^^^\n  File \"C:\\Diplom_Roman_Makarcov_9\\Diplom_3\\pages\\base_page.py\", line 32, in click_element\n    return element.click()\n           ^^^^^^^^^^^^^^^\n  File \"C:\\Users\\Роман\\AppData\\Local\\Programs\\Python\\Python312\\Lib\\site-packages\\selenium\\webdriver\\remote\\webelement.py\", line 94, in click\n    self._execute(Command.CLICK_ELEMENT)\n  File \"C:\\Users\\Роман\\AppData\\Local\\Programs\\Python\\Python312\\Lib\\site-packages\\selenium\\webdriver\\remote\\webelement.py\", line 395, in _execute\n    return self._parent.execute(command, params)\n           ^^^^^^^^^^^^^^^^^^^^^^^^^^^^^^^^^^^^^\n  File \"C:\\Users\\Роман\\AppData\\Local\\Programs\\Python\\Python312\\Lib\\site-packages\\selenium\\webdriver\\remote\\webdriver.py\", line 354, in execute\n    self.error_handler.check_response(response)\n  File \"C:\\Users\\Роман\\AppData\\Local\\Programs\\Python\\Python312\\Lib\\site-packages\\selenium\\webdriver\\remote\\errorhandler.py\", line 229, in check_response\n    raise exception_class(message, screen, stacktrace)\n"}, "steps": [{"name": "Кликнуть по элементу", "status": "broken", "statusDetails": {"message": "selenium.common.exceptions.ElementClickInterceptedException: Message: element click intercepted: Element <a class=\"AppHeader_header__link__3D_hX\" href=\"/\">...</a> is not clickable at point (88, 44). Other element would receive the click: <div class=\"Modal_modal_overlay__x2ZCr\"></div>\n  (Session info: chrome=129.0.6668.100)\nStacktrace:\n\tGetHandleVerifier [0x00007FF68C05B095+29557]\n\t(No symbol) [0x00007FF68BFCFA50]\n\t(No symbol) [0x00007FF68BE8B56A]\n\t(No symbol) [0x00007FF68BEE737E]\n\t(No symbol) [0x00007FF68BEE4DCC]\n\t(No symbol) [0x00007FF68BEE2288]\n\t(No symbol) [0x00007FF68BEE149A]\n\t(No symbol) [0x00007FF68BED354E]\n\t(No symbol) [0x00007FF68BF0718A]\n\t(No symbol) [0x00007FF68BED2E86]\n\t(No symbol) [0x00007FF68BF073A0]\n\t(No symbol) [0x00007FF68BF2851C]\n\t(No symbol) [0x00007FF68BF06F33]\n\t(No symbol) [0x00007FF68BED116F]\n\t(No symbol) [0x00007FF68BED22D1]\n\tGetHandleVerifier [0x00007FF68C38C96D+3378253]\n\tGetHandleVerifier [0x00007FF68C3D8497+3688311]\n\tGetHandleVerifier [0x00007FF68C3CD1CB+3642539]\n\tGetHandleVerifier [0x00007FF68C11A6B6+813462]\n\t(No symbol) [0x00007FF68BFDAB5F]\n\t(No symbol) [0x00007FF68BFD6B74]\n\t(No symbol) [0x00007FF68BFD6D10]\n\t(No symbol) [0x00007FF68BFC5C1F]\n\tBaseThreadInitThunk [0x00007FFF11DB7614+20]\n\tRtlUserThreadStart [0x00007FFF121C26B1+33]\n\n", "trace": "  File \"C:\\Users\\Роман\\AppData\\Local\\Programs\\Python\\Python312\\Lib\\site-packages\\allure_commons\\_allure.py\", line 192, in impl\n    return func(*a, **kw)\n           ^^^^^^^^^^^^^^\n  File \"C:\\Diplom_Roman_Makarcov_9\\Diplom_3\\pages\\base_page.py\", line 32, in click_element\n    return element.click()\n           ^^^^^^^^^^^^^^^\n  File \"C:\\Users\\Роман\\AppData\\Local\\Programs\\Python\\Python312\\Lib\\site-packages\\selenium\\webdriver\\remote\\webelement.py\", line 94, in click\n    self._execute(Command.CLICK_ELEMENT)\n  File \"C:\\Users\\Роман\\AppData\\Local\\Programs\\Python\\Python312\\Lib\\site-packages\\selenium\\webdriver\\remote\\webelement.py\", line 395, in _execute\n    return self._parent.execute(command, params)\n           ^^^^^^^^^^^^^^^^^^^^^^^^^^^^^^^^^^^^^\n  File \"C:\\Users\\Роман\\AppData\\Local\\Programs\\Python\\Python312\\Lib\\site-packages\\selenium\\webdriver\\remote\\webdriver.py\", line 354, in execute\n    self.error_handler.check_response(response)\n  File \"C:\\Users\\Роман\\AppData\\Local\\Programs\\Python\\Python312\\Lib\\site-packages\\selenium\\webdriver\\remote\\errorhandler.py\", line 229, in check_response\n    raise exception_class(message, screen, stacktrace)\n"}, "steps": [{"name": "Найти кликабельный элемент с использованием ожидания", "status": "passed", "parameters": [{"name": "locator", "value": "('xpath', \"//a[starts-with(@class, 'AppHeader_header__link') and @href = '/']\")"}, {"name": "time", "value": "30"}], "start": 1728905889153, "stop": 1728905889202}], "parameters": [{"name": "locator", "value": "('xpath', \"//a[starts-with(@class, 'AppHeader_header__link') and @href = '/']\")"}], "start": 1728905889153, "stop": 1728905890311}], "start": 1728905889153, "stop": 1728905890312}], "start": 1728905889152, "stop": 1728905890313}], "start": 1728905889152, "stop": 1728905890314}], "start": 1728905889152, "stop": 1728905890379}