{"name": "Проверяем переход по клику на Личный кабинет", "status": "broken", "statusDetails": {"message": "selenium.common.exceptions.ElementClickInterceptedException: Message: element click intercepted: Element <a class=\"AppHeader_header__link__3D_hX\" href=\"/account\">...</a> is not clickable at point (921, 44). Other element would receive the click: <div class=\"Modal_modal_overlay__x2ZCr\"></div>\n  (Session info: chrome=129.0.6668.100)\nStacktrace:\n\tGetHandleVerifier [0x00007FF68C05B095+29557]\n\t(No symbol) [0x00007FF68BFCFA50]\n\t(No symbol) [0x00007FF68BE8B56A]\n\t(No symbol) [0x00007FF68BEE737E]\n\t(No symbol) [0x00007FF68BEE4DCC]\n\t(No symbol) [0x00007FF68BEE2288]\n\t(No symbol) [0x00007FF68BEE149A]\n\t(No symbol) [0x00007FF68BED354E]\n\t(No symbol) [0x00007FF68BF0718A]\n\t(No symbol) [0x00007FF68BED2E86]\n\t(No symbol) [0x00007FF68BF073A0]\n\t(No symbol) [0x00007FF68BF2851C]\n\t(No symbol) [0x00007FF68BF06F33]\n\t(No symbol) [0x00007FF68BED116F]\n\t(No symbol) [0x00007FF68BED22D1]\n\tGetHandleVerifier [0x00007FF68C38C96D+3378253]\n\tGetHandleVerifier [0x00007FF68C3D8497+3688311]\n\tGetHandleVerifier [0x00007FF68C3CD1CB+3642539]\n\tGetHandleVerifier [0x00007FF68C11A6B6+813462]\n\t(No symbol) [0x00007FF68BFDAB5F]\n\t(No symbol) [0x00007FF68BFD6B74]\n\t(No symbol) [0x00007FF68BFD6D10]\n\t(No symbol) [0x00007FF68BFC5C1F]\n\tBaseThreadInitThunk [0x00007FFF11DB7614+20]\n\tRtlUserThreadStart [0x00007FFF121C26B1+33]", "trace": "self = <test_profile_page.TestProfilePage object at 0x000001F120043A40>, driver = <selenium.webdriver.chrome.webdriver.WebDriver (session=\"810d0bca9dfbe0582cdc049bc571daf1\")>\ncreate_and_login_user = {'email': 'donaldmartinez@example.com', 'name': 'David', 'password': '@5bL7i'}\n\n    @allure.title(\"Проверяем переход по клику на Личный кабинет\")\n    def test_open_profile(self, driver, create_and_login_user):\n        email = create_and_login_user.get(\"email\")\n        profile_page = ProfilePage(driver)\n>       profile_page.open_profile()\n\ntests\\test_profile_page.py:16: \n_ _ _ _ _ _ _ _ _ _ _ _ _ _ _ _ _ _ _ _ _ _ _ _ _ _ _ _ _ _ _ _ _ _ _ _ _ _ _ _ _ _ _ _ _ _ _ _ _ _ _ _ _ _ _ _ _ _ _ _ _ _ _ _ _ _ _ _ _ _ _ _ _ _ _ _ _ _ _ _ _ _ _ _ _ _ _ _ _ _\npages\\profile_page.py:13: in open_profile\n    self.click_element(ProfilePageLocators.PERSONAL_ACCOUNT_BUTTON)\npages\\base_page.py:32: in click_element\n    return element.click()\nC:\\Users\\Роман\\AppData\\Local\\Programs\\Python\\Python312\\Lib\\site-packages\\selenium\\webdriver\\remote\\webelement.py:94: in click\n    self._execute(Command.CLICK_ELEMENT)\nC:\\Users\\Роман\\AppData\\Local\\Programs\\Python\\Python312\\Lib\\site-packages\\selenium\\webdriver\\remote\\webelement.py:395: in _execute\n    return self._parent.execute(command, params)\nC:\\Users\\Роман\\AppData\\Local\\Programs\\Python\\Python312\\Lib\\site-packages\\selenium\\webdriver\\remote\\webdriver.py:354: in execute\n    self.error_handler.check_response(response)\n_ _ _ _ _ _ _ _ _ _ _ _ _ _ _ _ _ _ _ _ _ _ _ _ _ _ _ _ _ _ _ _ _ _ _ _ _ _ _ _ _ _ _ _ _ _ _ _ _ _ _ _ _ _ _ _ _ _ _ _ _ _ _ _ _ _ _ _ _ _ _ _ _ _ _ _ _ _ _ _ _ _ _ _ _ _ _ _ _ _\n\nself = <selenium.webdriver.remote.errorhandler.ErrorHandler object at 0x000001F12038BC20>\nresponse = {'status': 400, 'value': '{\"value\":{\"error\":\"element click intercepted\",\"message\":\"element click intercepted: Element ...07FF68BFC5C1F]\\\\n\\\\tBaseThreadInitThunk [0x00007FFF11DB7614+20]\\\\n\\\\tRtlUserThreadStart [0x00007FFF121C26B1+33]\\\\n\"}}'}\n\n    def check_response(self, response: Dict[str, Any]) -> None:\n        \"\"\"Checks that a JSON response from the WebDriver does not have an\n        error.\n    \n        :Args:\n         - response - The JSON response from the WebDriver server as a dictionary\n           object.\n    \n        :Raises: If the response contains an error message.\n        \"\"\"\n        status = response.get(\"status\", None)\n        if not status or status == ErrorCode.SUCCESS:\n            return\n        value = None\n        message = response.get(\"message\", \"\")\n        screen: str = response.get(\"screen\", \"\")\n        stacktrace = None\n        if isinstance(status, int):\n            value_json = response.get(\"value\", None)\n            if value_json and isinstance(value_json, str):\n                import json\n    \n                try:\n                    value = json.loads(value_json)\n                    if len(value) == 1:\n                        value = value[\"value\"]\n                    status = value.get(\"error\", None)\n                    if not status:\n                        status = value.get(\"status\", ErrorCode.UNKNOWN_ERROR)\n                        message = value.get(\"value\") or value.get(\"message\")\n                        if not isinstance(message, str):\n                            value = message\n                            message = message.get(\"message\")\n                    else:\n                        message = value.get(\"message\", None)\n                except ValueError:\n                    pass\n    \n        exception_class: Type[WebDriverException]\n        e = ErrorCode()\n        error_codes = [item for item in dir(e) if not item.startswith(\"__\")]\n        for error_code in error_codes:\n            error_info = getattr(ErrorCode, error_code)\n            if isinstance(error_info, list) and status in error_info:\n                exception_class = getattr(ExceptionMapping, error_code, WebDriverException)\n                break\n        else:\n            exception_class = WebDriverException\n    \n        if not value:\n            value = response[\"value\"]\n        if isinstance(value, str):\n            raise exception_class(value)\n        if message == \"\" and \"message\" in value:\n            message = value[\"message\"]\n    \n        screen = None  # type: ignore[assignment]\n        if \"screen\" in value:\n            screen = value[\"screen\"]\n    \n        stacktrace = None\n        st_value = value.get(\"stackTrace\") or value.get(\"stacktrace\")\n        if st_value:\n            if isinstance(st_value, str):\n                stacktrace = st_value.split(\"\\n\")\n            else:\n                stacktrace = []\n                try:\n                    for frame in st_value:\n                        line = frame.get(\"lineNumber\", \"\")\n                        file = frame.get(\"fileName\", \"<anonymous>\")\n                        if line:\n                            file = f\"{file}:{line}\"\n                        meth = frame.get(\"methodName\", \"<anonymous>\")\n                        if \"className\" in frame:\n                            meth = f\"{frame['className']}.{meth}\"\n                        msg = \"    at %s (%s)\"\n                        msg = msg % (meth, file)\n                        stacktrace.append(msg)\n                except TypeError:\n                    pass\n        if exception_class == UnexpectedAlertPresentException:\n            alert_text = None\n            if \"data\" in value:\n                alert_text = value[\"data\"].get(\"text\")\n            elif \"alert\" in value:\n                alert_text = value[\"alert\"].get(\"text\")\n            raise exception_class(message, screen, stacktrace, alert_text)  # type: ignore[call-arg]  # mypy is not smart enough here\n>       raise exception_class(message, screen, stacktrace)\nE       selenium.common.exceptions.ElementClickInterceptedException: Message: element click intercepted: Element <a class=\"AppHeader_header__link__3D_hX\" href=\"/account\">...</a> is not clickable at point (921, 44). Other element would receive the click: <div class=\"Modal_modal_overlay__x2ZCr\"></div>\nE         (Session info: chrome=129.0.6668.100)\nE       Stacktrace:\nE       \tGetHandleVerifier [0x00007FF68C05B095+29557]\nE       \t(No symbol) [0x00007FF68BFCFA50]\nE       \t(No symbol) [0x00007FF68BE8B56A]\nE       \t(No symbol) [0x00007FF68BEE737E]\nE       \t(No symbol) [0x00007FF68BEE4DCC]\nE       \t(No symbol) [0x00007FF68BEE2288]\nE       \t(No symbol) [0x00007FF68BEE149A]\nE       \t(No symbol) [0x00007FF68BED354E]\nE       \t(No symbol) [0x00007FF68BF0718A]\nE       \t(No symbol) [0x00007FF68BED2E86]\nE       \t(No symbol) [0x00007FF68BF073A0]\nE       \t(No symbol) [0x00007FF68BF2851C]\nE       \t(No symbol) [0x00007FF68BF06F33]\nE       \t(No symbol) [0x00007FF68BED116F]\nE       \t(No symbol) [0x00007FF68BED22D1]\nE       \tGetHandleVerifier [0x00007FF68C38C96D+3378253]\nE       \tGetHandleVerifier [0x00007FF68C3D8497+3688311]\nE       \tGetHandleVerifier [0x00007FF68C3CD1CB+3642539]\nE       \tGetHandleVerifier [0x00007FF68C11A6B6+813462]\nE       \t(No symbol) [0x00007FF68BFDAB5F]\nE       \t(No symbol) [0x00007FF68BFD6B74]\nE       \t(No symbol) [0x00007FF68BFD6D10]\nE       \t(No symbol) [0x00007FF68BFC5C1F]\nE       \tBaseThreadInitThunk [0x00007FFF11DB7614+20]\nE       \tRtlUserThreadStart [0x00007FFF121C26B1+33]\n\nC:\\Users\\Роман\\AppData\\Local\\Programs\\Python\\Python312\\Lib\\site-packages\\selenium\\webdriver\\remote\\errorhandler.py:229: ElementClickInterceptedException"}, "steps": [{"name": "Клик на Личный кабинет", "status": "broken", "statusDetails": {"message": "selenium.common.exceptions.ElementClickInterceptedException: Message: element click intercepted: Element <a class=\"AppHeader_header__link__3D_hX\" href=\"/account\">...</a> is not clickable at point (921, 44). Other element would receive the click: <div class=\"Modal_modal_overlay__x2ZCr\"></div>\n  (Session info: chrome=129.0.6668.100)\nStacktrace:\n\tGetHandleVerifier [0x00007FF68C05B095+29557]\n\t(No symbol) [0x00007FF68BFCFA50]\n\t(No symbol) [0x00007FF68BE8B56A]\n\t(No symbol) [0x00007FF68BEE737E]\n\t(No symbol) [0x00007FF68BEE4DCC]\n\t(No symbol) [0x00007FF68BEE2288]\n\t(No symbol) [0x00007FF68BEE149A]\n\t(No symbol) [0x00007FF68BED354E]\n\t(No symbol) [0x00007FF68BF0718A]\n\t(No symbol) [0x00007FF68BED2E86]\n\t(No symbol) [0x00007FF68BF073A0]\n\t(No symbol) [0x00007FF68BF2851C]\n\t(No symbol) [0x00007FF68BF06F33]\n\t(No symbol) [0x00007FF68BED116F]\n\t(No symbol) [0x00007FF68BED22D1]\n\tGetHandleVerifier [0x00007FF68C38C96D+3378253]\n\tGetHandleVerifier [0x00007FF68C3D8497+3688311]\n\tGetHandleVerifier [0x00007FF68C3CD1CB+3642539]\n\tGetHandleVerifier [0x00007FF68C11A6B6+813462]\n\t(No symbol) [0x00007FF68BFDAB5F]\n\t(No symbol) [0x00007FF68BFD6B74]\n\t(No symbol) [0x00007FF68BFD6D10]\n\t(No symbol) [0x00007FF68BFC5C1F]\n\tBaseThreadInitThunk [0x00007FFF11DB7614+20]\n\tRtlUserThreadStart [0x00007FFF121C26B1+33]\n\n", "trace": "  File \"C:\\Users\\Роман\\AppData\\Local\\Programs\\Python\\Python312\\Lib\\site-packages\\allure_commons\\_allure.py\", line 192, in impl\n    return func(*a, **kw)\n           ^^^^^^^^^^^^^^\n  File \"C:\\Diplom_Roman_Makarcov_9\\Diplom_3\\pages\\profile_page.py\", line 13, in open_profile\n    self.click_element(ProfilePageLocators.PERSONAL_ACCOUNT_BUTTON)\n  File \"C:\\Users\\Роман\\AppData\\Local\\Programs\\Python\\Python312\\Lib\\site-packages\\allure_commons\\_allure.py\", line 192, in impl\n    return func(*a, **kw)\n           ^^^^^^^^^^^^^^\n  File \"C:\\Diplom_Roman_Makarcov_9\\Diplom_3\\pages\\base_page.py\", line 32, in click_element\n    return element.click()\n           ^^^^^^^^^^^^^^^\n  File \"C:\\Users\\Роман\\AppData\\Local\\Programs\\Python\\Python312\\Lib\\site-packages\\selenium\\webdriver\\remote\\webelement.py\", line 94, in click\n    self._execute(Command.CLICK_ELEMENT)\n  File \"C:\\Users\\Роман\\AppData\\Local\\Programs\\Python\\Python312\\Lib\\site-packages\\selenium\\webdriver\\remote\\webelement.py\", line 395, in _execute\n    return self._parent.execute(command, params)\n           ^^^^^^^^^^^^^^^^^^^^^^^^^^^^^^^^^^^^^\n  File \"C:\\Users\\Роман\\AppData\\Local\\Programs\\Python\\Python312\\Lib\\site-packages\\selenium\\webdriver\\remote\\webdriver.py\", line 354, in execute\n    self.error_handler.check_response(response)\n  File \"C:\\Users\\Роман\\AppData\\Local\\Programs\\Python\\Python312\\Lib\\site-packages\\selenium\\webdriver\\remote\\errorhandler.py\", line 229, in check_response\n    raise exception_class(message, screen, stacktrace)\n"}, "steps": [{"name": "Кликнуть по элементу", "status": "broken", "statusDetails": {"message": "selenium.common.exceptions.ElementClickInterceptedException: Message: element click intercepted: Element <a class=\"AppHeader_header__link__3D_hX\" href=\"/account\">...</a> is not clickable at point (921, 44). Other element would receive the click: <div class=\"Modal_modal_overlay__x2ZCr\"></div>\n  (Session info: chrome=129.0.6668.100)\nStacktrace:\n\tGetHandleVerifier [0x00007FF68C05B095+29557]\n\t(No symbol) [0x00007FF68BFCFA50]\n\t(No symbol) [0x00007FF68BE8B56A]\n\t(No symbol) [0x00007FF68BEE737E]\n\t(No symbol) [0x00007FF68BEE4DCC]\n\t(No symbol) [0x00007FF68BEE2288]\n\t(No symbol) [0x00007FF68BEE149A]\n\t(No symbol) [0x00007FF68BED354E]\n\t(No symbol) [0x00007FF68BF0718A]\n\t(No symbol) [0x00007FF68BED2E86]\n\t(No symbol) [0x00007FF68BF073A0]\n\t(No symbol) [0x00007FF68BF2851C]\n\t(No symbol) [0x00007FF68BF06F33]\n\t(No symbol) [0x00007FF68BED116F]\n\t(No symbol) [0x00007FF68BED22D1]\n\tGetHandleVerifier [0x00007FF68C38C96D+3378253]\n\tGetHandleVerifier [0x00007FF68C3D8497+3688311]\n\tGetHandleVerifier [0x00007FF68C3CD1CB+3642539]\n\tGetHandleVerifier [0x00007FF68C11A6B6+813462]\n\t(No symbol) [0x00007FF68BFDAB5F]\n\t(No symbol) [0x00007FF68BFD6B74]\n\t(No symbol) [0x00007FF68BFD6D10]\n\t(No symbol) [0x00007FF68BFC5C1F]\n\tBaseThreadInitThunk [0x00007FFF11DB7614+20]\n\tRtlUserThreadStart [0x00007FFF121C26B1+33]\n\n", "trace": "  File \"C:\\Users\\Роман\\AppData\\Local\\Programs\\Python\\Python312\\Lib\\site-packages\\allure_commons\\_allure.py\", line 192, in impl\n    return func(*a, **kw)\n           ^^^^^^^^^^^^^^\n  File \"C:\\Diplom_Roman_Makarcov_9\\Diplom_3\\pages\\base_page.py\", line 32, in click_element\n    return element.click()\n           ^^^^^^^^^^^^^^^\n  File \"C:\\Users\\Роман\\AppData\\Local\\Programs\\Python\\Python312\\Lib\\site-packages\\selenium\\webdriver\\remote\\webelement.py\", line 94, in click\n    self._execute(Command.CLICK_ELEMENT)\n  File \"C:\\Users\\Роман\\AppData\\Local\\Programs\\Python\\Python312\\Lib\\site-packages\\selenium\\webdriver\\remote\\webelement.py\", line 395, in _execute\n    return self._parent.execute(command, params)\n           ^^^^^^^^^^^^^^^^^^^^^^^^^^^^^^^^^^^^^\n  File \"C:\\Users\\Роман\\AppData\\Local\\Programs\\Python\\Python312\\Lib\\site-packages\\selenium\\webdriver\\remote\\webdriver.py\", line 354, in execute\n    self.error_handler.check_response(response)\n  File \"C:\\Users\\Роман\\AppData\\Local\\Programs\\Python\\Python312\\Lib\\site-packages\\selenium\\webdriver\\remote\\errorhandler.py\", line 229, in check_response\n    raise exception_class(message, screen, stacktrace)\n"}, "steps": [{"name": "Найти кликабельный элемент с использованием ожидания", "status": "passed", "parameters": [{"name": "locator", "value": "('xpath', \"//a[starts-with(@class, 'AppHeader_header__link') and @href = '/account']\")"}, {"name": "time", "value": "30"}], "start": 1728906257254, "stop": 1728906257298}], "parameters": [{"name": "locator", "value": "('xpath', \"//a[starts-with(@class, 'AppHeader_header__link') and @href = '/account']\")"}], "start": 1728906257254, "stop": 1728906258395}], "start": 1728906257254, "stop": 1728906258396}], "parameters": [{"name": "driver", "value": "'chrome'"}], "start": 1728906257254, "stop": 1728906258403, "uuid": "f88f77ab-fb7a-4eb6-a7ea-cd4bad1d6312", "historyId": "7e40c7425510abeb886d38aa26124940", "testCaseId": "08c453cf2e36e44d1b7d4338d983ff45", "fullName": "tests.test_profile_page.TestProfilePage#test_open_profile", "labels": [{"name": "parentSuite", "value": "tests"}, {"name": "suite", "value": "test_profile_page"}, {"name": "subSuite", "value": "TestProfilePage"}, {"name": "host", "value": "HOME"}, {"name": "thread", "value": "10768-MainThread"}, {"name": "framework", "value": "pytest"}, {"name": "language", "value": "cpython3"}, {"name": "package", "value": "tests.test_profile_page"}]}