{"uuid": "6198707e-b206-4c83-bc6c-030160e4af56", "children": ["07bf6aa6-d088-4652-b276-0a822624a875"], "befores": [{"name": "create_burger_with_popup_number", "status": "broken", "statusDetails": {"message": "selenium.common.exceptions.ElementClickInterceptedException: Message: element click intercepted: Element <a class=\"AppHeader_header__link__3D_hX\" href=\"/\">...</a> is not clickable at point (88, 44). Other element would receive the click: <div class=\"Modal_modal_overlay__x2ZCr\"></div>\n  (Session info: chrome=129.0.6668.100)\nStacktrace:\n\tGetHandleVerifier [0x00007FF6CA6DB095+29557]\n\t(No symbol) [0x00007FF6CA64FA50]\n\t(No symbol) [0x00007FF6CA50B56A]\n\t(No symbol) [0x00007FF6CA56737E]\n\t(No symbol) [0x00007FF6CA564DCC]\n\t(No symbol) [0x00007FF6CA562288]\n\t(No symbol) [0x00007FF6CA56149A]\n\t(No symbol) [0x00007FF6CA55354E]\n\t(No symbol) [0x00007FF6CA58718A]\n\t(No symbol) [0x00007FF6CA552E86]\n\t(No symbol) [0x00007FF6CA5873A0]\n\t(No symbol) [0x00007FF6CA5A851C]\n\t(No symbol) [0x00007FF6CA586F33]\n\t(No symbol) [0x00007FF6CA55116F]\n\t(No symbol) [0x00007FF6CA5522D1]\n\tGetHandleVerifier [0x00007FF6CAA0C96D+3378253]\n\tGetHandleVerifier [0x00007FF6CAA58497+3688311]\n\tGetHandleVerifier [0x00007FF6CAA4D1CB+3642539]\n\tGetHandleVerifier [0x00007FF6CA79A6B6+813462]\n\t(No symbol) [0x00007FF6CA65AB5F]\n\t(No symbol) [0x00007FF6CA656B74]\n\t(No symbol) [0x00007FF6CA656D10]\n\t(No symbol) [0x00007FF6CA645C1F]\n\tBaseThreadInitThunk [0x00007FFF11DB7614+20]\n\tRtlUserThreadStart [0x00007FFF121C26B1+33]\n\n", "trace": "  File \"C:\\Diplom\\Diplom_3\\.venv\\Lib\\site-packages\\pluggy\\_callers.py\", line 167, in _multicall\n    teardown.throw(outcome._exception)\n  File \"C:\\Diplom\\Diplom_3\\.venv\\Lib\\site-packages\\_pytest\\setuponly.py\", line 36, in pytest_fixture_setup\n    return (yield)\n            ^^^^^\n  File \"C:\\Diplom\\Diplom_3\\.venv\\Lib\\site-packages\\pluggy\\_callers.py\", line 103, in _multicall\n    res = hook_impl.function(*args)\n          ^^^^^^^^^^^^^^^^^^^^^^^^^\n  File \"C:\\Diplom\\Diplom_3\\.venv\\Lib\\site-packages\\_pytest\\fixtures.py\", line 1140, in pytest_fixture_setup\n    result = call_fixture_func(fixturefunc, request, kwargs)\n             ^^^^^^^^^^^^^^^^^^^^^^^^^^^^^^^^^^^^^^^^^^^^^^^\n  File \"C:\\Diplom\\Diplom_3\\.venv\\Lib\\site-packages\\_pytest\\fixtures.py\", line 891, in call_fixture_func\n    fixture_result = next(generator)\n                     ^^^^^^^^^^^^^^^\n  File \"C:\\Diplom\\Diplom_3\\conftest.py\", line 67, in create_burger_with_popup_number\n    popup_number = main_page.create_burger_order()\n                   ^^^^^^^^^^^^^^^^^^^^^^^^^^^^^^^\n  File \"C:\\Diplom\\Diplom_3\\.venv\\Lib\\site-packages\\allure_commons\\_allure.py\", line 192, in impl\n    return func(*a, **kw)\n           ^^^^^^^^^^^^^^\n  File \"C:\\Diplom\\Diplom_3\\pages\\main_page.py\", line 51, in create_burger_order\n    self.open_constructor()\n  File \"C:\\Diplom\\Diplom_3\\.venv\\Lib\\site-packages\\allure_commons\\_allure.py\", line 192, in impl\n    return func(*a, **kw)\n           ^^^^^^^^^^^^^^\n  File \"C:\\Diplom\\Diplom_3\\pages\\main_page.py\", line 17, in open_constructor\n    self.click_element(MainPageLocators.CONSTRUCTOR_BUTTON)\n  File \"C:\\Diplom\\Diplom_3\\.venv\\Lib\\site-packages\\allure_commons\\_allure.py\", line 192, in impl\n    return func(*a, **kw)\n           ^^^^^^^^^^^^^^\n  File \"C:\\Diplom\\Diplom_3\\pages\\base_page.py\", line 31, in click_element\n    return element.click()\n           ^^^^^^^^^^^^^^^\n  File \"C:\\Diplom\\Diplom_3\\.venv\\Lib\\site-packages\\selenium\\webdriver\\remote\\webelement.py\", line 94, in click\n    self._execute(Command.CLICK_ELEMENT)\n  File \"C:\\Diplom\\Diplom_3\\.venv\\Lib\\site-packages\\selenium\\webdriver\\remote\\webelement.py\", line 395, in _execute\n    return self._parent.execute(command, params)\n           ^^^^^^^^^^^^^^^^^^^^^^^^^^^^^^^^^^^^^\n  File \"C:\\Diplom\\Diplom_3\\.venv\\Lib\\site-packages\\selenium\\webdriver\\remote\\webdriver.py\", line 354, in execute\n    self.error_handler.check_response(response)\n  File \"C:\\Diplom\\Diplom_3\\.venv\\Lib\\site-packages\\selenium\\webdriver\\remote\\errorhandler.py\", line 229, in check_response\n    raise exception_class(message, screen, stacktrace)\n"}, "steps": [{"name": "Сделать заказ бургера", "status": "broken", "statusDetails": {"message": "selenium.common.exceptions.ElementClickInterceptedException: Message: element click intercepted: Element <a class=\"AppHeader_header__link__3D_hX\" href=\"/\">...</a> is not clickable at point (88, 44). Other element would receive the click: <div class=\"Modal_modal_overlay__x2ZCr\"></div>\n  (Session info: chrome=129.0.6668.100)\nStacktrace:\n\tGetHandleVerifier [0x00007FF6CA6DB095+29557]\n\t(No symbol) [0x00007FF6CA64FA50]\n\t(No symbol) [0x00007FF6CA50B56A]\n\t(No symbol) [0x00007FF6CA56737E]\n\t(No symbol) [0x00007FF6CA564DCC]\n\t(No symbol) [0x00007FF6CA562288]\n\t(No symbol) [0x00007FF6CA56149A]\n\t(No symbol) [0x00007FF6CA55354E]\n\t(No symbol) [0x00007FF6CA58718A]\n\t(No symbol) [0x00007FF6CA552E86]\n\t(No symbol) [0x00007FF6CA5873A0]\n\t(No symbol) [0x00007FF6CA5A851C]\n\t(No symbol) [0x00007FF6CA586F33]\n\t(No symbol) [0x00007FF6CA55116F]\n\t(No symbol) [0x00007FF6CA5522D1]\n\tGetHandleVerifier [0x00007FF6CAA0C96D+3378253]\n\tGetHandleVerifier [0x00007FF6CAA58497+3688311]\n\tGetHandleVerifier [0x00007FF6CAA4D1CB+3642539]\n\tGetHandleVerifier [0x00007FF6CA79A6B6+813462]\n\t(No symbol) [0x00007FF6CA65AB5F]\n\t(No symbol) [0x00007FF6CA656B74]\n\t(No symbol) [0x00007FF6CA656D10]\n\t(No symbol) [0x00007FF6CA645C1F]\n\tBaseThreadInitThunk [0x00007FFF11DB7614+20]\n\tRtlUserThreadStart [0x00007FFF121C26B1+33]\n\n", "trace": "  File \"C:\\Diplom\\Diplom_3\\.venv\\Lib\\site-packages\\allure_commons\\_allure.py\", line 192, in impl\n    return func(*a, **kw)\n           ^^^^^^^^^^^^^^\n  File \"C:\\Diplom\\Diplom_3\\pages\\main_page.py\", line 51, in create_burger_order\n    self.open_constructor()\n  File \"C:\\Diplom\\Diplom_3\\.venv\\Lib\\site-packages\\allure_commons\\_allure.py\", line 192, in impl\n    return func(*a, **kw)\n           ^^^^^^^^^^^^^^\n  File \"C:\\Diplom\\Diplom_3\\pages\\main_page.py\", line 17, in open_constructor\n    self.click_element(MainPageLocators.CONSTRUCTOR_BUTTON)\n  File \"C:\\Diplom\\Diplom_3\\.venv\\Lib\\site-packages\\allure_commons\\_allure.py\", line 192, in impl\n    return func(*a, **kw)\n           ^^^^^^^^^^^^^^\n  File \"C:\\Diplom\\Diplom_3\\pages\\base_page.py\", line 31, in click_element\n    return element.click()\n           ^^^^^^^^^^^^^^^\n  File \"C:\\Diplom\\Diplom_3\\.venv\\Lib\\site-packages\\selenium\\webdriver\\remote\\webelement.py\", line 94, in click\n    self._execute(Command.CLICK_ELEMENT)\n  File \"C:\\Diplom\\Diplom_3\\.venv\\Lib\\site-packages\\selenium\\webdriver\\remote\\webelement.py\", line 395, in _execute\n    return self._parent.execute(command, params)\n           ^^^^^^^^^^^^^^^^^^^^^^^^^^^^^^^^^^^^^\n  File \"C:\\Diplom\\Diplom_3\\.venv\\Lib\\site-packages\\selenium\\webdriver\\remote\\webdriver.py\", line 354, in execute\n    self.error_handler.check_response(response)\n  File \"C:\\Diplom\\Diplom_3\\.venv\\Lib\\site-packages\\selenium\\webdriver\\remote\\errorhandler.py\", line 229, in check_response\n    raise exception_class(message, screen, stacktrace)\n"}, "steps": [{"name": "Клик на Конструктор", "status": "broken", "statusDetails": {"message": "selenium.common.exceptions.ElementClickInterceptedException: Message: element click intercepted: Element <a class=\"AppHeader_header__link__3D_hX\" href=\"/\">...</a> is not clickable at point (88, 44). Other element would receive the click: <div class=\"Modal_modal_overlay__x2ZCr\"></div>\n  (Session info: chrome=129.0.6668.100)\nStacktrace:\n\tGetHandleVerifier [0x00007FF6CA6DB095+29557]\n\t(No symbol) [0x00007FF6CA64FA50]\n\t(No symbol) [0x00007FF6CA50B56A]\n\t(No symbol) [0x00007FF6CA56737E]\n\t(No symbol) [0x00007FF6CA564DCC]\n\t(No symbol) [0x00007FF6CA562288]\n\t(No symbol) [0x00007FF6CA56149A]\n\t(No symbol) [0x00007FF6CA55354E]\n\t(No symbol) [0x00007FF6CA58718A]\n\t(No symbol) [0x00007FF6CA552E86]\n\t(No symbol) [0x00007FF6CA5873A0]\n\t(No symbol) [0x00007FF6CA5A851C]\n\t(No symbol) [0x00007FF6CA586F33]\n\t(No symbol) [0x00007FF6CA55116F]\n\t(No symbol) [0x00007FF6CA5522D1]\n\tGetHandleVerifier [0x00007FF6CAA0C96D+3378253]\n\tGetHandleVerifier [0x00007FF6CAA58497+3688311]\n\tGetHandleVerifier [0x00007FF6CAA4D1CB+3642539]\n\tGetHandleVerifier [0x00007FF6CA79A6B6+813462]\n\t(No symbol) [0x00007FF6CA65AB5F]\n\t(No symbol) [0x00007FF6CA656B74]\n\t(No symbol) [0x00007FF6CA656D10]\n\t(No symbol) [0x00007FF6CA645C1F]\n\tBaseThreadInitThunk [0x00007FFF11DB7614+20]\n\tRtlUserThreadStart [0x00007FFF121C26B1+33]\n\n", "trace": "  File \"C:\\Diplom\\Diplom_3\\.venv\\Lib\\site-packages\\allure_commons\\_allure.py\", line 192, in impl\n    return func(*a, **kw)\n           ^^^^^^^^^^^^^^\n  File \"C:\\Diplom\\Diplom_3\\pages\\main_page.py\", line 17, in open_constructor\n    self.click_element(MainPageLocators.CONSTRUCTOR_BUTTON)\n  File \"C:\\Diplom\\Diplom_3\\.venv\\Lib\\site-packages\\allure_commons\\_allure.py\", line 192, in impl\n    return func(*a, **kw)\n           ^^^^^^^^^^^^^^\n  File \"C:\\Diplom\\Diplom_3\\pages\\base_page.py\", line 31, in click_element\n    return element.click()\n           ^^^^^^^^^^^^^^^\n  File \"C:\\Diplom\\Diplom_3\\.venv\\Lib\\site-packages\\selenium\\webdriver\\remote\\webelement.py\", line 94, in click\n    self._execute(Command.CLICK_ELEMENT)\n  File \"C:\\Diplom\\Diplom_3\\.venv\\Lib\\site-packages\\selenium\\webdriver\\remote\\webelement.py\", line 395, in _execute\n    return self._parent.execute(command, params)\n           ^^^^^^^^^^^^^^^^^^^^^^^^^^^^^^^^^^^^^\n  File \"C:\\Diplom\\Diplom_3\\.venv\\Lib\\site-packages\\selenium\\webdriver\\remote\\webdriver.py\", line 354, in execute\n    self.error_handler.check_response(response)\n  File \"C:\\Diplom\\Diplom_3\\.venv\\Lib\\site-packages\\selenium\\webdriver\\remote\\errorhandler.py\", line 229, in check_response\n    raise exception_class(message, screen, stacktrace)\n"}, "steps": [{"name": "Кликнуть по элементу", "status": "broken", "statusDetails": {"message": "selenium.common.exceptions.ElementClickInterceptedException: Message: element click intercepted: Element <a class=\"AppHeader_header__link__3D_hX\" href=\"/\">...</a> is not clickable at point (88, 44). Other element would receive the click: <div class=\"Modal_modal_overlay__x2ZCr\"></div>\n  (Session info: chrome=129.0.6668.100)\nStacktrace:\n\tGetHandleVerifier [0x00007FF6CA6DB095+29557]\n\t(No symbol) [0x00007FF6CA64FA50]\n\t(No symbol) [0x00007FF6CA50B56A]\n\t(No symbol) [0x00007FF6CA56737E]\n\t(No symbol) [0x00007FF6CA564DCC]\n\t(No symbol) [0x00007FF6CA562288]\n\t(No symbol) [0x00007FF6CA56149A]\n\t(No symbol) [0x00007FF6CA55354E]\n\t(No symbol) [0x00007FF6CA58718A]\n\t(No symbol) [0x00007FF6CA552E86]\n\t(No symbol) [0x00007FF6CA5873A0]\n\t(No symbol) [0x00007FF6CA5A851C]\n\t(No symbol) [0x00007FF6CA586F33]\n\t(No symbol) [0x00007FF6CA55116F]\n\t(No symbol) [0x00007FF6CA5522D1]\n\tGetHandleVerifier [0x00007FF6CAA0C96D+3378253]\n\tGetHandleVerifier [0x00007FF6CAA58497+3688311]\n\tGetHandleVerifier [0x00007FF6CAA4D1CB+3642539]\n\tGetHandleVerifier [0x00007FF6CA79A6B6+813462]\n\t(No symbol) [0x00007FF6CA65AB5F]\n\t(No symbol) [0x00007FF6CA656B74]\n\t(No symbol) [0x00007FF6CA656D10]\n\t(No symbol) [0x00007FF6CA645C1F]\n\tBaseThreadInitThunk [0x00007FFF11DB7614+20]\n\tRtlUserThreadStart [0x00007FFF121C26B1+33]\n\n", "trace": "  File \"C:\\Diplom\\Diplom_3\\.venv\\Lib\\site-packages\\allure_commons\\_allure.py\", line 192, in impl\n    return func(*a, **kw)\n           ^^^^^^^^^^^^^^\n  File \"C:\\Diplom\\Diplom_3\\pages\\base_page.py\", line 31, in click_element\n    return element.click()\n           ^^^^^^^^^^^^^^^\n  File \"C:\\Diplom\\Diplom_3\\.venv\\Lib\\site-packages\\selenium\\webdriver\\remote\\webelement.py\", line 94, in click\n    self._execute(Command.CLICK_ELEMENT)\n  File \"C:\\Diplom\\Diplom_3\\.venv\\Lib\\site-packages\\selenium\\webdriver\\remote\\webelement.py\", line 395, in _execute\n    return self._parent.execute(command, params)\n           ^^^^^^^^^^^^^^^^^^^^^^^^^^^^^^^^^^^^^\n  File \"C:\\Diplom\\Diplom_3\\.venv\\Lib\\site-packages\\selenium\\webdriver\\remote\\webdriver.py\", line 354, in execute\n    self.error_handler.check_response(response)\n  File \"C:\\Diplom\\Diplom_3\\.venv\\Lib\\site-packages\\selenium\\webdriver\\remote\\errorhandler.py\", line 229, in check_response\n    raise exception_class(message, screen, stacktrace)\n"}, "steps": [{"name": "Найти кликабельный элемент с использованием ожидания", "status": "passed", "parameters": [{"name": "locator", "value": "('xpath', \"//a[starts-with(@class, 'AppHeader_header__link') and @href = '/']\")"}, {"name": "time", "value": "30"}], "start": 1728638509563, "stop": 1728638509614}], "parameters": [{"name": "locator", "value": "('xpath', \"//a[starts-with(@class, 'AppHeader_header__link') and @href = '/']\")"}], "start": 1728638509563, "stop": 1728638510724}], "start": 1728638509563, "stop": 1728638510725}], "start": 1728638509563, "stop": 1728638510726}], "start": 1728638509562, "stop": 1728638510727}], "start": 1728638509562, "stop": 1728638510787}