{"name": "Проверяем переход в раздел История заказов", "status": "broken", "statusDetails": {"message": "selenium.common.exceptions.TimeoutException: Message: \nStacktrace:\n\tGetHandleVerifier [0x00007FF6CA6DB095+29557]\n\t(No symbol) [0x00007FF6CA64FA50]\n\t(No symbol) [0x00007FF6CA50B56A]\n\t(No symbol) [0x00007FF6CA55F695]\n\t(No symbol) [0x00007FF6CA55F8EC]\n\t(No symbol) [0x00007FF6CA5AB777]\n\t(No symbol) [0x00007FF6CA5871CF]\n\t(No symbol) [0x00007FF6CA5A851C]\n\t(No symbol) [0x00007FF6CA586F33]\n\t(No symbol) [0x00007FF6CA55116F]\n\t(No symbol) [0x00007FF6CA5522D1]\n\tGetHandleVerifier [0x00007FF6CAA0C96D+3378253]\n\tGetHandleVerifier [0x00007FF6CAA58497+3688311]\n\tGetHandleVerifier [0x00007FF6CAA4D1CB+3642539]\n\tGetHandleVerifier [0x00007FF6CA79A6B6+813462]\n\t(No symbol) [0x00007FF6CA65AB5F]\n\t(No symbol) [0x00007FF6CA656B74]\n\t(No symbol) [0x00007FF6CA656D10]\n\t(No symbol) [0x00007FF6CA645C1F]\n\tBaseThreadInitThunk [0x00007FFF11DB7614+20]\n\tRtlUserThreadStart [0x00007FFF121C26B1+33]", "trace": "self = <test_profile_page.TestProfilePage object at 0x0000025C50D2E0F0>, driver = <selenium.webdriver.chrome.webdriver.WebDriver (session=\"9aa29bc1d6589744b648f0557a6959e6\")>\ncreate_and_login_user = {'email': 'oriley@example.com', 'name': 'Mark', 'password': '+K7tNt'}\n\n    @allure.title(\"Проверяем переход в раздел История заказов\")\n    def test_open_order_history(self, driver, create_and_login_user):\n        profile_page = ProfilePage(driver)\n        profile_page.open_profile()\n>       profile_page.open_order_history()\n\ntests\\test_profile_page.py:22: \n_ _ _ _ _ _ _ _ _ _ _ _ _ _ _ _ _ _ _ _ _ _ _ _ _ _ _ _ _ _ _ _ _ _ _ _ _ _ _ _ _ _ _ _ _ _ _ _ _ _ _ _ _ _ _ _ _ _ _ _ _ _ _ _ _ _ _ _ _ _ _ _ _ _ _ _ _ _ _ _ _ _ _ _ _ _ _ _ _ _\npages\\profile_page.py:17: in open_order_history\n    self.click_element(ProfilePageLocators.ORDER_HISTORY)\npages\\base_page.py:30: in click_element\n    element = self.find_element_to_click_with_wait(locator)\npages\\base_page.py:24: in find_element_to_click_with_wait\n    WebDriverWait(self.driver, time).until(EC.element_to_be_clickable(locator))\n_ _ _ _ _ _ _ _ _ _ _ _ _ _ _ _ _ _ _ _ _ _ _ _ _ _ _ _ _ _ _ _ _ _ _ _ _ _ _ _ _ _ _ _ _ _ _ _ _ _ _ _ _ _ _ _ _ _ _ _ _ _ _ _ _ _ _ _ _ _ _ _ _ _ _ _ _ _ _ _ _ _ _ _ _ _ _ _ _ _\n\nself = <selenium.webdriver.support.wait.WebDriverWait (session=\"9aa29bc1d6589744b648f0557a6959e6\")>\nmethod = <function element_to_be_clickable.<locals>._predicate at 0x0000025C5135FA60>, message = ''\n\n    def until(self, method: Callable[[D], Union[Literal[False], T]], message: str = \"\") -> T:\n        \"\"\"Calls the method provided with the driver as an argument until the \\\n        return value does not evaluate to ``False``.\n    \n        :param method: callable(WebDriver)\n        :param message: optional message for :exc:`TimeoutException`\n        :returns: the result of the last call to `method`\n        :raises: :exc:`selenium.common.exceptions.TimeoutException` if timeout occurs\n        \"\"\"\n        screen = None\n        stacktrace = None\n    \n        end_time = time.monotonic() + self._timeout\n        while True:\n            try:\n                value = method(self._driver)\n                if value:\n                    return value\n            except self._ignored_exceptions as exc:\n                screen = getattr(exc, \"screen\", None)\n                stacktrace = getattr(exc, \"stacktrace\", None)\n            time.sleep(self._poll)\n            if time.monotonic() > end_time:\n                break\n>       raise TimeoutException(message, screen, stacktrace)\nE       selenium.common.exceptions.TimeoutException: Message: \nE       Stacktrace:\nE       \tGetHandleVerifier [0x00007FF6CA6DB095+29557]\nE       \t(No symbol) [0x00007FF6CA64FA50]\nE       \t(No symbol) [0x00007FF6CA50B56A]\nE       \t(No symbol) [0x00007FF6CA55F695]\nE       \t(No symbol) [0x00007FF6CA55F8EC]\nE       \t(No symbol) [0x00007FF6CA5AB777]\nE       \t(No symbol) [0x00007FF6CA5871CF]\nE       \t(No symbol) [0x00007FF6CA5A851C]\nE       \t(No symbol) [0x00007FF6CA586F33]\nE       \t(No symbol) [0x00007FF6CA55116F]\nE       \t(No symbol) [0x00007FF6CA5522D1]\nE       \tGetHandleVerifier [0x00007FF6CAA0C96D+3378253]\nE       \tGetHandleVerifier [0x00007FF6CAA58497+3688311]\nE       \tGetHandleVerifier [0x00007FF6CAA4D1CB+3642539]\nE       \tGetHandleVerifier [0x00007FF6CA79A6B6+813462]\nE       \t(No symbol) [0x00007FF6CA65AB5F]\nE       \t(No symbol) [0x00007FF6CA656B74]\nE       \t(No symbol) [0x00007FF6CA656D10]\nE       \t(No symbol) [0x00007FF6CA645C1F]\nE       \tBaseThreadInitThunk [0x00007FFF11DB7614+20]\nE       \tRtlUserThreadStart [0x00007FFF121C26B1+33]\n\n.venv\\Lib\\site-packages\\selenium\\webdriver\\support\\wait.py:105: TimeoutException"}, "steps": [{"name": "Клик на Личный кабинет", "status": "passed", "steps": [{"name": "Кликнуть по элементу", "status": "passed", "steps": [{"name": "Найти кликабельный элемент с использованием ожидания", "status": "passed", "parameters": [{"name": "locator", "value": "('xpath', \"//a[starts-with(@class, 'AppHeader_header__link') and @href = '/account']\")"}, {"name": "time", "value": "30"}], "start": 1728638629898, "stop": 1728638629942}], "parameters": [{"name": "locator", "value": "('xpath', \"//a[starts-with(@class, 'AppHeader_header__link') and @href = '/account']\")"}], "start": 1728638629897, "stop": 1728638630443}], "start": 1728638629897, "stop": 1728638630443}, {"name": "Клик на раздел История заказов", "status": "broken", "statusDetails": {"message": "selenium.common.exceptions.TimeoutException: Message: \nStacktrace:\n\tGetHandleVerifier [0x00007FF6CA6DB095+29557]\n\t(No symbol) [0x00007FF6CA64FA50]\n\t(No symbol) [0x00007FF6CA50B56A]\n\t(No symbol) [0x00007FF6CA55F695]\n\t(No symbol) [0x00007FF6CA55F8EC]\n\t(No symbol) [0x00007FF6CA5AB777]\n\t(No symbol) [0x00007FF6CA5871CF]\n\t(No symbol) [0x00007FF6CA5A851C]\n\t(No symbol) [0x00007FF6CA586F33]\n\t(No symbol) [0x00007FF6CA55116F]\n\t(No symbol) [0x00007FF6CA5522D1]\n\tGetHandleVerifier [0x00007FF6CAA0C96D+3378253]\n\tGetHandleVerifier [0x00007FF6CAA58497+3688311]\n\tGetHandleVerifier [0x00007FF6CAA4D1CB+3642539]\n\tGetHandleVerifier [0x00007FF6CA79A6B6+813462]\n\t(No symbol) [0x00007FF6CA65AB5F]\n\t(No symbol) [0x00007FF6CA656B74]\n\t(No symbol) [0x00007FF6CA656D10]\n\t(No symbol) [0x00007FF6CA645C1F]\n\tBaseThreadInitThunk [0x00007FFF11DB7614+20]\n\tRtlUserThreadStart [0x00007FFF121C26B1+33]\n\n", "trace": "  File \"C:\\Diplom\\Diplom_3\\.venv\\Lib\\site-packages\\allure_commons\\_allure.py\", line 192, in impl\n    return func(*a, **kw)\n           ^^^^^^^^^^^^^^\n  File \"C:\\Diplom\\Diplom_3\\pages\\profile_page.py\", line 17, in open_order_history\n    self.click_element(ProfilePageLocators.ORDER_HISTORY)\n  File \"C:\\Diplom\\Diplom_3\\.venv\\Lib\\site-packages\\allure_commons\\_allure.py\", line 192, in impl\n    return func(*a, **kw)\n           ^^^^^^^^^^^^^^\n  File \"C:\\Diplom\\Diplom_3\\pages\\base_page.py\", line 30, in click_element\n    element = self.find_element_to_click_with_wait(locator)\n              ^^^^^^^^^^^^^^^^^^^^^^^^^^^^^^^^^^^^^^^^^^^^^\n  File \"C:\\Diplom\\Diplom_3\\.venv\\Lib\\site-packages\\allure_commons\\_allure.py\", line 192, in impl\n    return func(*a, **kw)\n           ^^^^^^^^^^^^^^\n  File \"C:\\Diplom\\Diplom_3\\pages\\base_page.py\", line 24, in find_element_to_click_with_wait\n    WebDriverWait(self.driver, time).until(EC.element_to_be_clickable(locator))\n  File \"C:\\Diplom\\Diplom_3\\.venv\\Lib\\site-packages\\selenium\\webdriver\\support\\wait.py\", line 105, in until\n    raise TimeoutException(message, screen, stacktrace)\n"}, "steps": [{"name": "Кликнуть по элементу", "status": "broken", "statusDetails": {"message": "selenium.common.exceptions.TimeoutException: Message: \nStacktrace:\n\tGetHandleVerifier [0x00007FF6CA6DB095+29557]\n\t(No symbol) [0x00007FF6CA64FA50]\n\t(No symbol) [0x00007FF6CA50B56A]\n\t(No symbol) [0x00007FF6CA55F695]\n\t(No symbol) [0x00007FF6CA55F8EC]\n\t(No symbol) [0x00007FF6CA5AB777]\n\t(No symbol) [0x00007FF6CA5871CF]\n\t(No symbol) [0x00007FF6CA5A851C]\n\t(No symbol) [0x00007FF6CA586F33]\n\t(No symbol) [0x00007FF6CA55116F]\n\t(No symbol) [0x00007FF6CA5522D1]\n\tGetHandleVerifier [0x00007FF6CAA0C96D+3378253]\n\tGetHandleVerifier [0x00007FF6CAA58497+3688311]\n\tGetHandleVerifier [0x00007FF6CAA4D1CB+3642539]\n\tGetHandleVerifier [0x00007FF6CA79A6B6+813462]\n\t(No symbol) [0x00007FF6CA65AB5F]\n\t(No symbol) [0x00007FF6CA656B74]\n\t(No symbol) [0x00007FF6CA656D10]\n\t(No symbol) [0x00007FF6CA645C1F]\n\tBaseThreadInitThunk [0x00007FFF11DB7614+20]\n\tRtlUserThreadStart [0x00007FFF121C26B1+33]\n\n", "trace": "  File \"C:\\Diplom\\Diplom_3\\.venv\\Lib\\site-packages\\allure_commons\\_allure.py\", line 192, in impl\n    return func(*a, **kw)\n           ^^^^^^^^^^^^^^\n  File \"C:\\Diplom\\Diplom_3\\pages\\base_page.py\", line 30, in click_element\n    element = self.find_element_to_click_with_wait(locator)\n              ^^^^^^^^^^^^^^^^^^^^^^^^^^^^^^^^^^^^^^^^^^^^^\n  File \"C:\\Diplom\\Diplom_3\\.venv\\Lib\\site-packages\\allure_commons\\_allure.py\", line 192, in impl\n    return func(*a, **kw)\n           ^^^^^^^^^^^^^^\n  File \"C:\\Diplom\\Diplom_3\\pages\\base_page.py\", line 24, in find_element_to_click_with_wait\n    WebDriverWait(self.driver, time).until(EC.element_to_be_clickable(locator))\n  File \"C:\\Diplom\\Diplom_3\\.venv\\Lib\\site-packages\\selenium\\webdriver\\support\\wait.py\", line 105, in until\n    raise TimeoutException(message, screen, stacktrace)\n"}, "steps": [{"name": "Найти кликабельный элемент с использованием ожидания", "status": "broken", "statusDetails": {"message": "selenium.common.exceptions.TimeoutException: Message: \nStacktrace:\n\tGetHandleVerifier [0x00007FF6CA6DB095+29557]\n\t(No symbol) [0x00007FF6CA64FA50]\n\t(No symbol) [0x00007FF6CA50B56A]\n\t(No symbol) [0x00007FF6CA55F695]\n\t(No symbol) [0x00007FF6CA55F8EC]\n\t(No symbol) [0x00007FF6CA5AB777]\n\t(No symbol) [0x00007FF6CA5871CF]\n\t(No symbol) [0x00007FF6CA5A851C]\n\t(No symbol) [0x00007FF6CA586F33]\n\t(No symbol) [0x00007FF6CA55116F]\n\t(No symbol) [0x00007FF6CA5522D1]\n\tGetHandleVerifier [0x00007FF6CAA0C96D+3378253]\n\tGetHandleVerifier [0x00007FF6CAA58497+3688311]\n\tGetHandleVerifier [0x00007FF6CAA4D1CB+3642539]\n\tGetHandleVerifier [0x00007FF6CA79A6B6+813462]\n\t(No symbol) [0x00007FF6CA65AB5F]\n\t(No symbol) [0x00007FF6CA656B74]\n\t(No symbol) [0x00007FF6CA656D10]\n\t(No symbol) [0x00007FF6CA645C1F]\n\tBaseThreadInitThunk [0x00007FFF11DB7614+20]\n\tRtlUserThreadStart [0x00007FFF121C26B1+33]\n\n", "trace": "  File \"C:\\Diplom\\Diplom_3\\.venv\\Lib\\site-packages\\allure_commons\\_allure.py\", line 192, in impl\n    return func(*a, **kw)\n           ^^^^^^^^^^^^^^\n  File \"C:\\Diplom\\Diplom_3\\pages\\base_page.py\", line 24, in find_element_to_click_with_wait\n    WebDriverWait(self.driver, time).until(EC.element_to_be_clickable(locator))\n  File \"C:\\Diplom\\Diplom_3\\.venv\\Lib\\site-packages\\selenium\\webdriver\\support\\wait.py\", line 105, in until\n    raise TimeoutException(message, screen, stacktrace)\n"}, "parameters": [{"name": "locator", "value": "('xpath', \"//a[@href='/account/order-history']\")"}, {"name": "time", "value": "30"}], "start": 1728638630444, "stop": 1728638660606}], "parameters": [{"name": "locator", "value": "('xpath', \"//a[@href='/account/order-history']\")"}], "start": 1728638630444, "stop": 1728638660613}], "start": 1728638630443, "stop": 1728638660614}], "parameters": [{"name": "driver", "value": "'chrome'"}], "start": 1728638629897, "stop": 1728638660615, "uuid": "91f0fa8f-8963-4675-a45e-955549b4bd68", "historyId": "f3b38fd723904000c7b35aea07373316", "testCaseId": "ec288afa999c30710967a63687a4826f", "fullName": "tests.test_profile_page.TestProfilePage#test_open_order_history", "labels": [{"name": "parentSuite", "value": "tests"}, {"name": "suite", "value": "test_profile_page"}, {"name": "subSuite", "value": "TestProfilePage"}, {"name": "host", "value": "HOME"}, {"name": "thread", "value": "10748-MainThread"}, {"name": "framework", "value": "pytest"}, {"name": "language", "value": "cpython3"}, {"name": "package", "value": "tests.test_profile_page"}]}